0    DEBUG [2020-05-07 14:05:43]  Request:
1    DEBUG [2020-05-07 14:05:43]  POSThttps://api.weibo.com/oauth2/access_token
1362 DEBUG [2020-05-07 14:05:44]  Response:
1363 DEBUG [2020-05-07 14:05:44]  https StatusCode:200
1364 DEBUG [2020-05-07 14:05:44]  Server:nginx/1.6.1
1365 DEBUG [2020-05-07 14:05:44]  Date:Thu, 07 May 2020 06:05:43 GMT
1365 DEBUG [2020-05-07 14:05:44]  Content-Type:application/json;charset=UTF-8
1365 DEBUG [2020-05-07 14:05:44]  Content-Length:137
1365 DEBUG [2020-05-07 14:05:44]  Connection:keep-alive
1365 DEBUG [2020-05-07 14:05:44]  Pragma:No-cache
1365 DEBUG [2020-05-07 14:05:44]  Cache-Control:no-cache
1366 DEBUG [2020-05-07 14:05:44]  Expires:Thu, 01 Jan 1970 00:00:00 GMT
1377 DEBUG [2020-05-07 14:05:44]  {"access_token":"2.00e3Wg3C0ajsjI965f1b380bnXoX9B","remind_in":"157679999","expires_in":157679999,"uid":"2167479244","isRealName":"true"}

1390 DEBUG [2020-05-07 14:05:44]  Request:
1391 DEBUG [2020-05-07 14:05:44]  GET:https://api.weibo.com/2/users/show.json
1396 DEBUG [2020-05-07 14:05:44]  Authorization: OAuth2 2.00e3Wg3C0ajsjI965f1b380bnXoX9B
1396 DEBUG [2020-05-07 14:05:44]  API-RemoteIP: 192.168.1.135
1478 DEBUG [2020-05-07 14:05:44]  Response:
1478 DEBUG [2020-05-07 14:05:44]  https StatusCode:200
1478 DEBUG [2020-05-07 14:05:44]  Server:nginx/1.6.1
1478 DEBUG [2020-05-07 14:05:44]  Date:Thu, 07 May 2020 06:05:43 GMT
1478 DEBUG [2020-05-07 14:05:44]  Content-Type:application/json;charset=UTF-8
1478 DEBUG [2020-05-07 14:05:44]  Transfer-Encoding:chunked
1478 DEBUG [2020-05-07 14:05:44]  Connection:keep-alive
1478 DEBUG [2020-05-07 14:05:44]  Vary:Accept-Encoding
1479 DEBUG [2020-05-07 14:05:44]  {"id":2167479244,"idstr":"2167479244","class":1,"screen_name":"码农空间站","name":"码农空间站","province":"31","city":"12","location":"上海 闵行区","description":"消灭‘秃头’！！！！！","url":"http://blog.sina.com.cn/u/2167479244","profile_image_url":"https://tvax3.sinaimg.cn/crop.0.0.996.996.50/81311bccly8g3bb3da7rvj20ro0rodhb.jpg?KID=imgbed,tva&Expires=1588842343&ssig=8X%2F4eteW%2B6","cover_image_phone":"http://ww4.sinaimg.cn/crop.0.0.640.640.640/6ce2240djw1e8iktk4ohij20hs0hsmz6.jpg","profile_url":"u/2167479244","domain":"","weihao":"","gender":"m","followers_count":271,"friends_count":206,"pagefriends_count":0,"statuses_count":1978,"video_status_count":0,"favourites_count":141,"created_at":"Fri Jun 10 18:12:35 +0800 2011","following":false,"allow_all_act_msg":true,"geo_enabled":true,"verified":false,"verified_type":-1,"remark":"","insecurity":{"sexual_content":false},"status":{"visible":{"type":0,"list_id":0},"created_at":"Thu Apr 30 17:27:39 +0800 2020","id":4499462250611548,"idstr":"4499462250611548","mid":"4499462250611548","can_edit":false,"show_additional_indication":0,"text":"哭了T﹏T爱了","source_allowclick":1,"source_type":1,"source":"<a href=\"http://app.weibo.com/t/feed/2g0p4b\" rel=\"nofollow\">荣耀Play 让快更快</a>","favorited":false,"truncated":false,"in_reply_to_status_id":"","in_reply_to_user_id":"","in_reply_to_screen_name":"","pic_urls":[],"geo":null,"is_paid":false,"mblog_vip_type":0,"annotations":[{"client_mblogid":"9dc74a7e-e2db-48dd-9388-1eb372390c78"},{"mapi_request":true}],"reposts_count":0,"comments_count":0,"attitudes_count":0,"pending_approval_count":0,"isLongText":false,"reward_exhibition_type":0,"hide_flag":0,"mlevel":0,"biz_feature":0,"hasActionTypeCard":0,"darwin_tags":[],"hot_weibo_tags":[],"text_tag_tips":[],"mblogtype":0,"rid":"0","userType":0,"more_info_type":0,"positive_recom_flag":0,"content_auth":0,"gif_ids":"","is_show_bulletin":2,"comment_manage_info":{"comment_permission_type":-1,"approval_comment_type":0},"repost_type":1,"pic_num":0},"ptype":0,"allow_all_comment":false,"avatar_large":"https://tvax3.sinaimg.cn/crop.0.0.996.996.180/81311bccly8g3bb3da7rvj20ro0rodhb.jpg?KID=imgbed,tva&Expires=1588842343&ssig=ogGV4y9avO","avatar_hd":"https://tvax3.sinaimg.cn/crop.0.0.996.996.1024/81311bccly8g3bb3da7rvj20ro0rodhb.jpg?KID=imgbed,tva&Expires=1588842343&ssig=xWHSOO%2F3%2BG","verified_reason":"","verified_trade":"","verified_reason_url":"","verified_source":"","verified_source_url":"","follow_me":false,"like":false,"like_me":false,"online_status":0,"bi_followers_count":4,"lang":"zh-cn","star":0,"mbtype":0,"mbrank":0,"block_word":0,"block_app":0,"credit_score":80,"user_ability":2097152,"urank":27,"story_read_state":-1,"vclub_member":0,"is_teenager":0,"is_guardian":0,"is_teenager_list":0,"special_follow":false}

182698 DEBUG [2020-05-07 14:08:46]  Request:
182698 DEBUG [2020-05-07 14:08:46]  POSThttps://api.weibo.com/oauth2/access_token
182987 DEBUG [2020-05-07 14:08:46]  Response:
182987 DEBUG [2020-05-07 14:08:46]  https StatusCode:200
182987 DEBUG [2020-05-07 14:08:46]  Server:nginx/1.6.1
182987 DEBUG [2020-05-07 14:08:46]  Date:Thu, 07 May 2020 06:08:45 GMT
182988 DEBUG [2020-05-07 14:08:46]  Content-Type:application/json;charset=UTF-8
182988 DEBUG [2020-05-07 14:08:46]  Content-Length:137
182988 DEBUG [2020-05-07 14:08:46]  Connection:keep-alive
182988 DEBUG [2020-05-07 14:08:46]  Pragma:No-cache
182988 DEBUG [2020-05-07 14:08:46]  Cache-Control:no-cache
182988 DEBUG [2020-05-07 14:08:46]  Expires:Thu, 01 Jan 1970 00:00:00 GMT
182988 DEBUG [2020-05-07 14:08:46]  {"access_token":"2.00e3Wg3C0ajsjI965f1b380bnXoX9B","remind_in":"157679999","expires_in":157679999,"uid":"2167479244","isRealName":"true"}

182988 DEBUG [2020-05-07 14:08:46]  Request:
182988 DEBUG [2020-05-07 14:08:46]  GET:https://api.weibo.com/2/users/show.json
182989 DEBUG [2020-05-07 14:08:46]  Authorization: OAuth2 2.00e3Wg3C0ajsjI965f1b380bnXoX9B
182989 DEBUG [2020-05-07 14:08:46]  API-RemoteIP: 192.168.1.135
183047 DEBUG [2020-05-07 14:08:46]  Response:
183047 DEBUG [2020-05-07 14:08:46]  https StatusCode:200
183047 DEBUG [2020-05-07 14:08:46]  Server:nginx/1.6.1
183047 DEBUG [2020-05-07 14:08:46]  Date:Thu, 07 May 2020 06:08:45 GMT
183047 DEBUG [2020-05-07 14:08:46]  Content-Type:application/json;charset=UTF-8
183048 DEBUG [2020-05-07 14:08:46]  Transfer-Encoding:chunked
183048 DEBUG [2020-05-07 14:08:46]  Connection:keep-alive
183048 DEBUG [2020-05-07 14:08:46]  Vary:Accept-Encoding
183048 DEBUG [2020-05-07 14:08:46]  {"id":2167479244,"idstr":"2167479244","class":1,"screen_name":"码农空间站","name":"码农空间站","province":"31","city":"12","location":"上海 闵行区","description":"消灭‘秃头’！！！！！","url":"http://blog.sina.com.cn/u/2167479244","profile_image_url":"https://tvax3.sinaimg.cn/crop.0.0.996.996.50/81311bccly8g3bb3da7rvj20ro0rodhb.jpg?KID=imgbed,tva&Expires=1588842525&ssig=sXMBYIEfWy","cover_image_phone":"http://ww4.sinaimg.cn/crop.0.0.640.640.640/6ce2240djw1e8iktk4ohij20hs0hsmz6.jpg","profile_url":"u/2167479244","domain":"","weihao":"","gender":"m","followers_count":271,"friends_count":207,"pagefriends_count":0,"statuses_count":1978,"video_status_count":0,"favourites_count":141,"created_at":"Fri Jun 10 18:12:35 +0800 2011","following":false,"allow_all_act_msg":true,"geo_enabled":true,"verified":false,"verified_type":-1,"remark":"","insecurity":{"sexual_content":false},"status":{"visible":{"type":0,"list_id":0},"created_at":"Thu Apr 30 17:27:39 +0800 2020","id":4499462250611548,"idstr":"4499462250611548","mid":"4499462250611548","can_edit":false,"show_additional_indication":0,"text":"哭了T﹏T爱了","source_allowclick":1,"source_type":1,"source":"<a href=\"http://app.weibo.com/t/feed/2g0p4b\" rel=\"nofollow\">荣耀Play 让快更快</a>","favorited":false,"truncated":false,"in_reply_to_status_id":"","in_reply_to_user_id":"","in_reply_to_screen_name":"","pic_urls":[],"geo":null,"is_paid":false,"mblog_vip_type":0,"annotations":[{"client_mblogid":"9dc74a7e-e2db-48dd-9388-1eb372390c78"},{"mapi_request":true}],"reposts_count":0,"comments_count":0,"attitudes_count":0,"pending_approval_count":0,"isLongText":false,"reward_exhibition_type":0,"hide_flag":0,"mlevel":0,"biz_feature":0,"hasActionTypeCard":0,"darwin_tags":[],"hot_weibo_tags":[],"text_tag_tips":[],"mblogtype":0,"rid":"0","userType":0,"more_info_type":0,"positive_recom_flag":0,"content_auth":0,"gif_ids":"","is_show_bulletin":2,"comment_manage_info":{"comment_permission_type":-1,"approval_comment_type":0},"repost_type":1,"pic_num":0},"ptype":0,"allow_all_comment":false,"avatar_large":"https://tvax3.sinaimg.cn/crop.0.0.996.996.180/81311bccly8g3bb3da7rvj20ro0rodhb.jpg?KID=imgbed,tva&Expires=1588842525&ssig=0gwfZ9yTGX","avatar_hd":"https://tvax3.sinaimg.cn/crop.0.0.996.996.1024/81311bccly8g3bb3da7rvj20ro0rodhb.jpg?KID=imgbed,tva&Expires=1588842525&ssig=XfpIV4BkTW","verified_reason":"","verified_trade":"","verified_reason_url":"","verified_source":"","verified_source_url":"","follow_me":false,"like":false,"like_me":false,"online_status":0,"bi_followers_count":4,"lang":"zh-cn","star":0,"mbtype":0,"mbrank":0,"block_word":0,"block_app":0,"credit_score":80,"user_ability":2097152,"urank":27,"story_read_state":-1,"vclub_member":0,"is_teenager":0,"is_guardian":0,"is_teenager_list":0,"special_follow":false}

619213 DEBUG [2020-05-07 14:16:02]  Request:
619215 DEBUG [2020-05-07 14:16:02]  POSThttps://api.weibo.com/oauth2/access_token
619452 DEBUG [2020-05-07 14:16:02]  Response:
619452 DEBUG [2020-05-07 14:16:02]  https StatusCode:200
619452 DEBUG [2020-05-07 14:16:02]  Server:nginx/1.6.1
619453 DEBUG [2020-05-07 14:16:02]  Date:Thu, 07 May 2020 06:16:01 GMT
619453 DEBUG [2020-05-07 14:16:02]  Content-Type:application/json;charset=UTF-8
619453 DEBUG [2020-05-07 14:16:02]  Content-Length:137
619454 DEBUG [2020-05-07 14:16:02]  Connection:keep-alive
619454 DEBUG [2020-05-07 14:16:02]  Pragma:No-cache
619454 DEBUG [2020-05-07 14:16:02]  Cache-Control:no-cache
619454 DEBUG [2020-05-07 14:16:02]  Expires:Thu, 01 Jan 1970 00:00:00 GMT
619455 DEBUG [2020-05-07 14:16:02]  {"access_token":"2.00e3Wg3C0ajsjI965f1b380bnXoX9B","remind_in":"157679999","expires_in":157679999,"uid":"2167479244","isRealName":"true"}

619455 DEBUG [2020-05-07 14:16:02]  Request:
619456 DEBUG [2020-05-07 14:16:02]  GET:https://api.weibo.com/2/users/show.json
619456 DEBUG [2020-05-07 14:16:02]  Authorization: OAuth2 2.00e3Wg3C0ajsjI965f1b380bnXoX9B
619457 DEBUG [2020-05-07 14:16:02]  API-RemoteIP: 192.168.1.135
619525 DEBUG [2020-05-07 14:16:02]  Response:
619526 DEBUG [2020-05-07 14:16:02]  https StatusCode:200
619526 DEBUG [2020-05-07 14:16:02]  Server:nginx/1.6.1
619526 DEBUG [2020-05-07 14:16:02]  Date:Thu, 07 May 2020 06:16:01 GMT
619526 DEBUG [2020-05-07 14:16:02]  Content-Type:application/json;charset=UTF-8
619527 DEBUG [2020-05-07 14:16:02]  Transfer-Encoding:chunked
619527 DEBUG [2020-05-07 14:16:02]  Connection:keep-alive
619527 DEBUG [2020-05-07 14:16:02]  Vary:Accept-Encoding
619528 DEBUG [2020-05-07 14:16:02]  {"id":2167479244,"idstr":"2167479244","class":1,"screen_name":"码农空间站","name":"码农空间站","province":"31","city":"12","location":"上海 闵行区","description":"消灭‘秃头’！！！！！","url":"http://blog.sina.com.cn/u/2167479244","profile_image_url":"https://tvax3.sinaimg.cn/crop.0.0.996.996.50/81311bccly8g3bb3da7rvj20ro0rodhb.jpg?KID=imgbed,tva&Expires=1588842961&ssig=GWwzW0soNW","cover_image_phone":"http://ww4.sinaimg.cn/crop.0.0.640.640.640/6ce2240djw1e8iktk4ohij20hs0hsmz6.jpg","profile_url":"u/2167479244","domain":"","weihao":"","gender":"m","followers_count":271,"friends_count":207,"pagefriends_count":0,"statuses_count":1978,"video_status_count":0,"favourites_count":141,"created_at":"Fri Jun 10 18:12:35 +0800 2011","following":false,"allow_all_act_msg":true,"geo_enabled":true,"verified":false,"verified_type":-1,"remark":"","insecurity":{"sexual_content":false},"status":{"visible":{"type":0,"list_id":0},"created_at":"Thu Apr 30 17:27:39 +0800 2020","id":4499462250611548,"idstr":"4499462250611548","mid":"4499462250611548","can_edit":false,"show_additional_indication":0,"text":"哭了T﹏T爱了","source_allowclick":1,"source_type":1,"source":"<a href=\"http://app.weibo.com/t/feed/2g0p4b\" rel=\"nofollow\">荣耀Play 让快更快</a>","favorited":false,"truncated":false,"in_reply_to_status_id":"","in_reply_to_user_id":"","in_reply_to_screen_name":"","pic_urls":[],"geo":null,"is_paid":false,"mblog_vip_type":0,"annotations":[{"client_mblogid":"9dc74a7e-e2db-48dd-9388-1eb372390c78"},{"mapi_request":true}],"reposts_count":0,"comments_count":0,"attitudes_count":0,"pending_approval_count":0,"isLongText":false,"reward_exhibition_type":0,"hide_flag":0,"mlevel":0,"biz_feature":0,"hasActionTypeCard":0,"darwin_tags":[],"hot_weibo_tags":[],"text_tag_tips":[],"mblogtype":0,"rid":"0","userType":0,"more_info_type":0,"positive_recom_flag":0,"content_auth":0,"gif_ids":"","is_show_bulletin":2,"comment_manage_info":{"comment_permission_type":-1,"approval_comment_type":0},"repost_type":1,"pic_num":0},"ptype":0,"allow_all_comment":false,"avatar_large":"https://tvax3.sinaimg.cn/crop.0.0.996.996.180/81311bccly8g3bb3da7rvj20ro0rodhb.jpg?KID=imgbed,tva&Expires=1588842961&ssig=4z53gouiSM","avatar_hd":"https://tvax3.sinaimg.cn/crop.0.0.996.996.1024/81311bccly8g3bb3da7rvj20ro0rodhb.jpg?KID=imgbed,tva&Expires=1588842961&ssig=KJw2hz%2FN1T","verified_reason":"","verified_trade":"","verified_reason_url":"","verified_source":"","verified_source_url":"","follow_me":false,"like":false,"like_me":false,"online_status":0,"bi_followers_count":4,"lang":"zh-cn","star":0,"mbtype":0,"mbrank":0,"block_word":0,"block_app":0,"credit_score":80,"user_ability":2097152,"urank":27,"story_read_state":-1,"vclub_member":0,"is_teenager":0,"is_guardian":0,"is_teenager_list":0,"special_follow":false}

621671 DEBUG [2020-05-07 14:16:05]  Request:
621672 DEBUG [2020-05-07 14:16:05]  POSThttps://api.weibo.com/oauth2/access_token
621763 DEBUG [2020-05-07 14:16:05]  Response:
621763 DEBUG [2020-05-07 14:16:05]  https StatusCode:200
621763 DEBUG [2020-05-07 14:16:05]  Server:nginx/1.6.1
621763 DEBUG [2020-05-07 14:16:05]  Date:Thu, 07 May 2020 06:16:03 GMT
621763 DEBUG [2020-05-07 14:16:05]  Content-Type:application/json;charset=UTF-8
621763 DEBUG [2020-05-07 14:16:05]  Content-Length:137
621763 DEBUG [2020-05-07 14:16:05]  Connection:keep-alive
621763 DEBUG [2020-05-07 14:16:05]  Pragma:No-cache
621763 DEBUG [2020-05-07 14:16:05]  Cache-Control:no-cache
621763 DEBUG [2020-05-07 14:16:05]  Expires:Thu, 01 Jan 1970 00:00:00 GMT
621764 DEBUG [2020-05-07 14:16:05]  {"access_token":"2.00e3Wg3C0ajsjI965f1b380bnXoX9B","remind_in":"157679999","expires_in":157679999,"uid":"2167479244","isRealName":"true"}

621764 DEBUG [2020-05-07 14:16:05]  Request:
621764 DEBUG [2020-05-07 14:16:05]  GET:https://api.weibo.com/2/users/show.json
621764 DEBUG [2020-05-07 14:16:05]  Authorization: OAuth2 2.00e3Wg3C0ajsjI965f1b380bnXoX9B
621764 DEBUG [2020-05-07 14:16:05]  API-RemoteIP: 192.168.1.135
621840 DEBUG [2020-05-07 14:16:05]  Response:
621840 DEBUG [2020-05-07 14:16:05]  https StatusCode:200
621840 DEBUG [2020-05-07 14:16:05]  Server:nginx/1.6.1
621840 DEBUG [2020-05-07 14:16:05]  Date:Thu, 07 May 2020 06:16:04 GMT
621840 DEBUG [2020-05-07 14:16:05]  Content-Type:application/json;charset=UTF-8
621840 DEBUG [2020-05-07 14:16:05]  Transfer-Encoding:chunked
621840 DEBUG [2020-05-07 14:16:05]  Connection:keep-alive
621840 DEBUG [2020-05-07 14:16:05]  Vary:Accept-Encoding
621841 DEBUG [2020-05-07 14:16:05]  {"id":2167479244,"idstr":"2167479244","class":1,"screen_name":"码农空间站","name":"码农空间站","province":"31","city":"12","location":"上海 闵行区","description":"消灭‘秃头’！！！！！","url":"http://blog.sina.com.cn/u/2167479244","profile_image_url":"https://tvax3.sinaimg.cn/crop.0.0.996.996.50/81311bccly8g3bb3da7rvj20ro0rodhb.jpg?KID=imgbed,tva&Expires=1588842964&ssig=DSHtQJaLEa","cover_image_phone":"http://ww4.sinaimg.cn/crop.0.0.640.640.640/6ce2240djw1e8iktk4ohij20hs0hsmz6.jpg","profile_url":"u/2167479244","domain":"","weihao":"","gender":"m","followers_count":271,"friends_count":207,"pagefriends_count":0,"statuses_count":1978,"video_status_count":0,"favourites_count":141,"created_at":"Fri Jun 10 18:12:35 +0800 2011","following":false,"allow_all_act_msg":true,"geo_enabled":true,"verified":false,"verified_type":-1,"remark":"","insecurity":{"sexual_content":false},"status":{"visible":{"type":0,"list_id":0},"created_at":"Thu Apr 30 17:27:39 +0800 2020","id":4499462250611548,"idstr":"4499462250611548","mid":"4499462250611548","can_edit":false,"show_additional_indication":0,"text":"哭了T﹏T爱了","source_allowclick":1,"source_type":1,"source":"<a href=\"http://app.weibo.com/t/feed/2g0p4b\" rel=\"nofollow\">荣耀Play 让快更快</a>","favorited":false,"truncated":false,"in_reply_to_status_id":"","in_reply_to_user_id":"","in_reply_to_screen_name":"","pic_urls":[],"geo":null,"is_paid":false,"mblog_vip_type":0,"annotations":[{"client_mblogid":"9dc74a7e-e2db-48dd-9388-1eb372390c78"},{"mapi_request":true}],"reposts_count":0,"comments_count":0,"attitudes_count":0,"pending_approval_count":0,"isLongText":false,"reward_exhibition_type":0,"hide_flag":0,"mlevel":0,"biz_feature":0,"hasActionTypeCard":0,"darwin_tags":[],"hot_weibo_tags":[],"text_tag_tips":[],"mblogtype":0,"rid":"0","userType":0,"more_info_type":0,"positive_recom_flag":0,"content_auth":0,"gif_ids":"","is_show_bulletin":2,"comment_manage_info":{"comment_permission_type":-1,"approval_comment_type":0},"repost_type":1,"pic_num":0},"ptype":0,"allow_all_comment":false,"avatar_large":"https://tvax3.sinaimg.cn/crop.0.0.996.996.180/81311bccly8g3bb3da7rvj20ro0rodhb.jpg?KID=imgbed,tva&Expires=1588842964&ssig=ubzqh6cJn3","avatar_hd":"https://tvax3.sinaimg.cn/crop.0.0.996.996.1024/81311bccly8g3bb3da7rvj20ro0rodhb.jpg?KID=imgbed,tva&Expires=1588842964&ssig=1vBen6xQS7","verified_reason":"","verified_trade":"","verified_reason_url":"","verified_source":"","verified_source_url":"","follow_me":false,"like":false,"like_me":false,"online_status":0,"bi_followers_count":4,"lang":"zh-cn","star":0,"mbtype":0,"mbrank":0,"block_word":0,"block_app":0,"credit_score":80,"user_ability":2097152,"urank":27,"story_read_state":-1,"vclub_member":0,"is_teenager":0,"is_guardian":0,"is_teenager_list":0,"special_follow":false}

1610776 DEBUG [2020-05-07 14:32:34]  Request:
1610777 DEBUG [2020-05-07 14:32:34]  POSThttps://api.weibo.com/oauth2/access_token
1611022 DEBUG [2020-05-07 14:32:34]  Response:
1611023 DEBUG [2020-05-07 14:32:34]  https StatusCode:200
1611023 DEBUG [2020-05-07 14:32:34]  Server:nginx/1.6.1
1611023 DEBUG [2020-05-07 14:32:34]  Date:Thu, 07 May 2020 06:32:33 GMT
1611023 DEBUG [2020-05-07 14:32:34]  Content-Type:application/json;charset=UTF-8
1611023 DEBUG [2020-05-07 14:32:34]  Content-Length:137
1611024 DEBUG [2020-05-07 14:32:34]  Connection:keep-alive
1611024 DEBUG [2020-05-07 14:32:34]  Pragma:No-cache
1611024 DEBUG [2020-05-07 14:32:34]  Cache-Control:no-cache
1611024 DEBUG [2020-05-07 14:32:34]  Expires:Thu, 01 Jan 1970 00:00:00 GMT
1611030 DEBUG [2020-05-07 14:32:34]  {"access_token":"2.00e3Wg3C0ajsjI965f1b380bnXoX9B","remind_in":"157679999","expires_in":157679999,"uid":"2167479244","isRealName":"true"}

1611043 DEBUG [2020-05-07 14:32:34]  Request:
1611044 DEBUG [2020-05-07 14:32:34]  GET:https://api.weibo.com/2/users/show.json
1611046 DEBUG [2020-05-07 14:32:34]  Authorization: OAuth2 2.00e3Wg3C0ajsjI965f1b380bnXoX9B
1611046 DEBUG [2020-05-07 14:32:34]  API-RemoteIP: 192.168.1.135
1611106 DEBUG [2020-05-07 14:32:34]  Response:
1611106 DEBUG [2020-05-07 14:32:34]  https StatusCode:200
1611106 DEBUG [2020-05-07 14:32:34]  Server:nginx/1.6.1
1611106 DEBUG [2020-05-07 14:32:34]  Date:Thu, 07 May 2020 06:32:33 GMT
1611106 DEBUG [2020-05-07 14:32:34]  Content-Type:application/json;charset=UTF-8
1611106 DEBUG [2020-05-07 14:32:34]  Transfer-Encoding:chunked
1611106 DEBUG [2020-05-07 14:32:34]  Connection:keep-alive
1611106 DEBUG [2020-05-07 14:32:34]  Vary:Accept-Encoding
1611107 DEBUG [2020-05-07 14:32:34]  {"id":2167479244,"idstr":"2167479244","class":1,"screen_name":"码农空间站","name":"码农空间站","province":"31","city":"12","location":"上海 闵行区","description":"消灭‘秃头’！！！！！","url":"http://blog.sina.com.cn/u/2167479244","profile_image_url":"https://tvax3.sinaimg.cn/crop.0.0.996.996.50/81311bccly8g3bb3da7rvj20ro0rodhb.jpg?KID=imgbed,tva&Expires=1588843953&ssig=Yp4c6dvYHZ","cover_image_phone":"http://ww4.sinaimg.cn/crop.0.0.640.640.640/6ce2240djw1e8iktk4ohij20hs0hsmz6.jpg","profile_url":"u/2167479244","domain":"","weihao":"","gender":"m","followers_count":271,"friends_count":207,"pagefriends_count":0,"statuses_count":1978,"video_status_count":0,"favourites_count":141,"created_at":"Fri Jun 10 18:12:35 +0800 2011","following":false,"allow_all_act_msg":true,"geo_enabled":true,"verified":false,"verified_type":-1,"remark":"","insecurity":{"sexual_content":false},"status":{"visible":{"type":0,"list_id":0},"created_at":"Thu Apr 30 17:27:39 +0800 2020","id":4499462250611548,"idstr":"4499462250611548","mid":"4499462250611548","can_edit":false,"show_additional_indication":0,"text":"哭了T﹏T爱了","source_allowclick":1,"source_type":1,"source":"<a href=\"http://app.weibo.com/t/feed/2g0p4b\" rel=\"nofollow\">荣耀Play 让快更快</a>","favorited":false,"truncated":false,"in_reply_to_status_id":"","in_reply_to_user_id":"","in_reply_to_screen_name":"","pic_urls":[],"geo":null,"is_paid":false,"mblog_vip_type":0,"annotations":[{"client_mblogid":"9dc74a7e-e2db-48dd-9388-1eb372390c78"},{"mapi_request":true}],"reposts_count":0,"comments_count":0,"attitudes_count":0,"pending_approval_count":0,"isLongText":false,"reward_exhibition_type":0,"hide_flag":0,"mlevel":0,"biz_feature":0,"hasActionTypeCard":0,"darwin_tags":[],"hot_weibo_tags":[],"text_tag_tips":[],"mblogtype":0,"rid":"0","userType":0,"more_info_type":0,"positive_recom_flag":0,"content_auth":0,"gif_ids":"","is_show_bulletin":2,"comment_manage_info":{"comment_permission_type":-1,"approval_comment_type":0},"repost_type":1,"pic_num":0},"ptype":0,"allow_all_comment":false,"avatar_large":"https://tvax3.sinaimg.cn/crop.0.0.996.996.180/81311bccly8g3bb3da7rvj20ro0rodhb.jpg?KID=imgbed,tva&Expires=1588843953&ssig=enxyDdtW5a","avatar_hd":"https://tvax3.sinaimg.cn/crop.0.0.996.996.1024/81311bccly8g3bb3da7rvj20ro0rodhb.jpg?KID=imgbed,tva&Expires=1588843953&ssig=oPDt1nz0fq","verified_reason":"","verified_trade":"","verified_reason_url":"","verified_source":"","verified_source_url":"","follow_me":false,"like":false,"like_me":false,"online_status":0,"bi_followers_count":4,"lang":"zh-cn","star":0,"mbtype":0,"mbrank":0,"block_word":0,"block_app":0,"credit_score":80,"user_ability":2097152,"urank":27,"story_read_state":-1,"vclub_member":0,"is_teenager":0,"is_guardian":0,"is_teenager_list":0,"special_follow":false}

1654880 DEBUG [2020-05-07 14:33:18]  Request:
1654881 DEBUG [2020-05-07 14:33:18]  POSThttps://api.weibo.com/oauth2/access_token
1655106 DEBUG [2020-05-07 14:33:18]  Response:
1655107 DEBUG [2020-05-07 14:33:18]  https StatusCode:200
1655107 DEBUG [2020-05-07 14:33:18]  Server:nginx/1.6.1
1655107 DEBUG [2020-05-07 14:33:18]  Date:Thu, 07 May 2020 06:33:17 GMT
1655109 DEBUG [2020-05-07 14:33:18]  Content-Type:application/json;charset=UTF-8
1655109 DEBUG [2020-05-07 14:33:18]  Content-Length:137
1655110 DEBUG [2020-05-07 14:33:18]  Connection:keep-alive
1655110 DEBUG [2020-05-07 14:33:18]  Pragma:No-cache
1655111 DEBUG [2020-05-07 14:33:18]  Cache-Control:no-cache
1655111 DEBUG [2020-05-07 14:33:18]  Expires:Thu, 01 Jan 1970 00:00:00 GMT
1655111 DEBUG [2020-05-07 14:33:18]  {"access_token":"2.00e3Wg3C0ajsjI965f1b380bnXoX9B","remind_in":"157679999","expires_in":157679999,"uid":"2167479244","isRealName":"true"}

1655111 DEBUG [2020-05-07 14:33:18]  Request:
1655111 DEBUG [2020-05-07 14:33:18]  GET:https://api.weibo.com/2/users/show.json
1655112 DEBUG [2020-05-07 14:33:18]  Authorization: OAuth2 2.00e3Wg3C0ajsjI965f1b380bnXoX9B
1655112 DEBUG [2020-05-07 14:33:18]  API-RemoteIP: 192.168.1.135
1655177 DEBUG [2020-05-07 14:33:18]  Response:
1655177 DEBUG [2020-05-07 14:33:18]  https StatusCode:200
1655177 DEBUG [2020-05-07 14:33:18]  Server:nginx/1.6.1
1655177 DEBUG [2020-05-07 14:33:18]  Date:Thu, 07 May 2020 06:33:17 GMT
1655177 DEBUG [2020-05-07 14:33:18]  Content-Type:application/json;charset=UTF-8
1655178 DEBUG [2020-05-07 14:33:18]  Transfer-Encoding:chunked
1655178 DEBUG [2020-05-07 14:33:18]  Connection:keep-alive
1655178 DEBUG [2020-05-07 14:33:18]  Vary:Accept-Encoding
1655178 DEBUG [2020-05-07 14:33:18]  {"id":2167479244,"idstr":"2167479244","class":1,"screen_name":"码农空间站","name":"码农空间站","province":"31","city":"12","location":"上海 闵行区","description":"消灭‘秃头’！！！！！","url":"http://blog.sina.com.cn/u/2167479244","profile_image_url":"https://tvax3.sinaimg.cn/crop.0.0.996.996.50/81311bccly8g3bb3da7rvj20ro0rodhb.jpg?KID=imgbed,tva&Expires=1588843997&ssig=wZEE%2BuWc%2FK","cover_image_phone":"http://ww4.sinaimg.cn/crop.0.0.640.640.640/6ce2240djw1e8iktk4ohij20hs0hsmz6.jpg","profile_url":"u/2167479244","domain":"","weihao":"","gender":"m","followers_count":271,"friends_count":207,"pagefriends_count":0,"statuses_count":1978,"video_status_count":0,"favourites_count":141,"created_at":"Fri Jun 10 18:12:35 +0800 2011","following":false,"allow_all_act_msg":true,"geo_enabled":true,"verified":false,"verified_type":-1,"remark":"","insecurity":{"sexual_content":false},"status":{"visible":{"type":0,"list_id":0},"created_at":"Thu Apr 30 17:27:39 +0800 2020","id":4499462250611548,"idstr":"4499462250611548","mid":"4499462250611548","can_edit":false,"show_additional_indication":0,"text":"哭了T﹏T爱了","source_allowclick":1,"source_type":1,"source":"<a href=\"http://app.weibo.com/t/feed/2g0p4b\" rel=\"nofollow\">荣耀Play 让快更快</a>","favorited":false,"truncated":false,"in_reply_to_status_id":"","in_reply_to_user_id":"","in_reply_to_screen_name":"","pic_urls":[],"geo":null,"is_paid":false,"mblog_vip_type":0,"annotations":[{"client_mblogid":"9dc74a7e-e2db-48dd-9388-1eb372390c78"},{"mapi_request":true}],"reposts_count":0,"comments_count":0,"attitudes_count":0,"pending_approval_count":0,"isLongText":false,"reward_exhibition_type":0,"hide_flag":0,"mlevel":0,"biz_feature":0,"hasActionTypeCard":0,"darwin_tags":[],"hot_weibo_tags":[],"text_tag_tips":[],"mblogtype":0,"rid":"0","userType":0,"more_info_type":0,"positive_recom_flag":0,"content_auth":0,"gif_ids":"","is_show_bulletin":2,"comment_manage_info":{"comment_permission_type":-1,"approval_comment_type":0},"repost_type":1,"pic_num":0},"ptype":0,"allow_all_comment":false,"avatar_large":"https://tvax3.sinaimg.cn/crop.0.0.996.996.180/81311bccly8g3bb3da7rvj20ro0rodhb.jpg?KID=imgbed,tva&Expires=1588843997&ssig=BX32QgjhxH","avatar_hd":"https://tvax3.sinaimg.cn/crop.0.0.996.996.1024/81311bccly8g3bb3da7rvj20ro0rodhb.jpg?KID=imgbed,tva&Expires=1588843997&ssig=bcb6S0VcpR","verified_reason":"","verified_trade":"","verified_reason_url":"","verified_source":"","verified_source_url":"","follow_me":false,"like":false,"like_me":false,"online_status":0,"bi_followers_count":4,"lang":"zh-cn","star":0,"mbtype":0,"mbrank":0,"block_word":0,"block_app":0,"credit_score":80,"user_ability":2097152,"urank":27,"story_read_state":-1,"vclub_member":0,"is_teenager":0,"is_guardian":0,"is_teenager_list":0,"special_follow":false}

0    DEBUG [2020-05-07 14:35:51]  Request:
1    DEBUG [2020-05-07 14:35:51]  POSThttps://api.weibo.com/oauth2/access_token
901  DEBUG [2020-05-07 14:35:52]  Response:
901  DEBUG [2020-05-07 14:35:52]  https StatusCode:200
902  DEBUG [2020-05-07 14:35:52]  Server:nginx/1.6.1
902  DEBUG [2020-05-07 14:35:52]  Date:Thu, 07 May 2020 06:35:50 GMT
902  DEBUG [2020-05-07 14:35:52]  Content-Type:application/json;charset=UTF-8
902  DEBUG [2020-05-07 14:35:52]  Content-Length:137
902  DEBUG [2020-05-07 14:35:52]  Connection:keep-alive
902  DEBUG [2020-05-07 14:35:52]  Pragma:No-cache
903  DEBUG [2020-05-07 14:35:52]  Cache-Control:no-cache
903  DEBUG [2020-05-07 14:35:52]  Expires:Thu, 01 Jan 1970 00:00:00 GMT
907  DEBUG [2020-05-07 14:35:52]  {"access_token":"2.00e3Wg3C0ajsjI965f1b380bnXoX9B","remind_in":"157679999","expires_in":157679999,"uid":"2167479244","isRealName":"true"}

912  DEBUG [2020-05-07 14:35:52]  Request:
912  DEBUG [2020-05-07 14:35:52]  GET:https://api.weibo.com/2/users/show.json
914  DEBUG [2020-05-07 14:35:52]  Authorization: OAuth2 2.00e3Wg3C0ajsjI965f1b380bnXoX9B
914  DEBUG [2020-05-07 14:35:52]  API-RemoteIP: 192.168.1.135
981  DEBUG [2020-05-07 14:35:52]  Response:
982  DEBUG [2020-05-07 14:35:52]  https StatusCode:200
983  DEBUG [2020-05-07 14:35:52]  Server:nginx/1.6.1
984  DEBUG [2020-05-07 14:35:52]  Date:Thu, 07 May 2020 06:35:50 GMT
984  DEBUG [2020-05-07 14:35:52]  Content-Type:application/json;charset=UTF-8
984  DEBUG [2020-05-07 14:35:52]  Transfer-Encoding:chunked
985  DEBUG [2020-05-07 14:35:52]  Connection:keep-alive
985  DEBUG [2020-05-07 14:35:52]  Vary:Accept-Encoding
987  DEBUG [2020-05-07 14:35:52]  {"id":2167479244,"idstr":"2167479244","class":1,"screen_name":"码农空间站","name":"码农空间站","province":"31","city":"12","location":"上海 闵行区","description":"消灭‘秃头’！！！！！","url":"http://blog.sina.com.cn/u/2167479244","profile_image_url":"https://tvax3.sinaimg.cn/crop.0.0.996.996.50/81311bccly8g3bb3da7rvj20ro0rodhb.jpg?KID=imgbed,tva&Expires=1588844150&ssig=TqNRSCNk0F","cover_image_phone":"http://ww4.sinaimg.cn/crop.0.0.640.640.640/6ce2240djw1e8iktk4ohij20hs0hsmz6.jpg","profile_url":"u/2167479244","domain":"","weihao":"","gender":"m","followers_count":271,"friends_count":207,"pagefriends_count":0,"statuses_count":1978,"video_status_count":0,"favourites_count":141,"created_at":"Fri Jun 10 18:12:35 +0800 2011","following":false,"allow_all_act_msg":true,"geo_enabled":true,"verified":false,"verified_type":-1,"remark":"","insecurity":{"sexual_content":false},"status":{"visible":{"type":0,"list_id":0},"created_at":"Thu Apr 30 17:27:39 +0800 2020","id":4499462250611548,"idstr":"4499462250611548","mid":"4499462250611548","can_edit":false,"show_additional_indication":0,"text":"哭了T﹏T爱了","source_allowclick":1,"source_type":1,"source":"<a href=\"http://app.weibo.com/t/feed/2g0p4b\" rel=\"nofollow\">荣耀Play 让快更快</a>","favorited":false,"truncated":false,"in_reply_to_status_id":"","in_reply_to_user_id":"","in_reply_to_screen_name":"","pic_urls":[],"geo":null,"is_paid":false,"mblog_vip_type":0,"annotations":[{"client_mblogid":"9dc74a7e-e2db-48dd-9388-1eb372390c78"},{"mapi_request":true}],"reposts_count":0,"comments_count":0,"attitudes_count":0,"pending_approval_count":0,"isLongText":false,"reward_exhibition_type":0,"hide_flag":0,"mlevel":0,"biz_feature":0,"hasActionTypeCard":0,"darwin_tags":[],"hot_weibo_tags":[],"text_tag_tips":[],"mblogtype":0,"rid":"0","userType":0,"more_info_type":0,"positive_recom_flag":0,"content_auth":0,"gif_ids":"","is_show_bulletin":2,"comment_manage_info":{"comment_permission_type":-1,"approval_comment_type":0},"repost_type":1,"pic_num":0},"ptype":0,"allow_all_comment":false,"avatar_large":"https://tvax3.sinaimg.cn/crop.0.0.996.996.180/81311bccly8g3bb3da7rvj20ro0rodhb.jpg?KID=imgbed,tva&Expires=1588844150&ssig=a9s6cwiTqm","avatar_hd":"https://tvax3.sinaimg.cn/crop.0.0.996.996.1024/81311bccly8g3bb3da7rvj20ro0rodhb.jpg?KID=imgbed,tva&Expires=1588844150&ssig=SYEsDBAVtC","verified_reason":"","verified_trade":"","verified_reason_url":"","verified_source":"","verified_source_url":"","follow_me":false,"like":false,"like_me":false,"online_status":0,"bi_followers_count":4,"lang":"zh-cn","star":0,"mbtype":0,"mbrank":0,"block_word":0,"block_app":0,"credit_score":80,"user_ability":2097152,"urank":27,"story_read_state":-1,"vclub_member":0,"is_teenager":0,"is_guardian":0,"is_teenager_list":0,"special_follow":false}

0    DEBUG [2020-05-07 14:37:54]  Request:
1    DEBUG [2020-05-07 14:37:54]  POSThttps://api.weibo.com/oauth2/access_token
849  DEBUG [2020-05-07 14:37:55]  Response:
849  DEBUG [2020-05-07 14:37:55]  https StatusCode:200
849  DEBUG [2020-05-07 14:37:55]  Server:nginx/1.6.1
849  DEBUG [2020-05-07 14:37:55]  Date:Thu, 07 May 2020 06:37:54 GMT
850  DEBUG [2020-05-07 14:37:55]  Content-Type:application/json;charset=UTF-8
850  DEBUG [2020-05-07 14:37:55]  Content-Length:137
850  DEBUG [2020-05-07 14:37:55]  Connection:keep-alive
850  DEBUG [2020-05-07 14:37:55]  Pragma:No-cache
850  DEBUG [2020-05-07 14:37:55]  Cache-Control:no-cache
850  DEBUG [2020-05-07 14:37:55]  Expires:Thu, 01 Jan 1970 00:00:00 GMT
856  DEBUG [2020-05-07 14:37:55]  {"access_token":"2.00e3Wg3C0ajsjI965f1b380bnXoX9B","remind_in":"157679999","expires_in":157679999,"uid":"2167479244","isRealName":"true"}

866  DEBUG [2020-05-07 14:37:55]  Request:
866  DEBUG [2020-05-07 14:37:55]  GET:https://api.weibo.com/2/users/show.json
869  DEBUG [2020-05-07 14:37:55]  Authorization: OAuth2 2.00e3Wg3C0ajsjI965f1b380bnXoX9B
870  DEBUG [2020-05-07 14:37:55]  API-RemoteIP: 192.168.1.135
1110 DEBUG [2020-05-07 14:37:55]  Response:
1111 DEBUG [2020-05-07 14:37:55]  https StatusCode:200
1111 DEBUG [2020-05-07 14:37:55]  Server:nginx/1.6.1
1111 DEBUG [2020-05-07 14:37:55]  Date:Thu, 07 May 2020 06:37:54 GMT
1111 DEBUG [2020-05-07 14:37:55]  Content-Type:application/json;charset=UTF-8
1111 DEBUG [2020-05-07 14:37:55]  Transfer-Encoding:chunked
1111 DEBUG [2020-05-07 14:37:55]  Connection:keep-alive
1111 DEBUG [2020-05-07 14:37:55]  Vary:Accept-Encoding
1111 DEBUG [2020-05-07 14:37:55]  {"id":2167479244,"idstr":"2167479244","class":1,"screen_name":"码农空间站","name":"码农空间站","province":"31","city":"12","location":"上海 闵行区","description":"消灭‘秃头’！！！！！","url":"http://blog.sina.com.cn/u/2167479244","profile_image_url":"https://tvax3.sinaimg.cn/crop.0.0.996.996.50/81311bccly8g3bb3da7rvj20ro0rodhb.jpg?KID=imgbed,tva&Expires=1588844274&ssig=pCgdjpeSW%2F","cover_image_phone":"http://ww4.sinaimg.cn/crop.0.0.640.640.640/6ce2240djw1e8iktk4ohij20hs0hsmz6.jpg","profile_url":"u/2167479244","domain":"","weihao":"","gender":"m","followers_count":271,"friends_count":207,"pagefriends_count":0,"statuses_count":1978,"video_status_count":0,"favourites_count":141,"created_at":"Fri Jun 10 18:12:35 +0800 2011","following":false,"allow_all_act_msg":true,"geo_enabled":true,"verified":false,"verified_type":-1,"remark":"","insecurity":{"sexual_content":false},"status":{"visible":{"type":0,"list_id":0},"created_at":"Thu Apr 30 17:27:39 +0800 2020","id":4499462250611548,"idstr":"4499462250611548","mid":"4499462250611548","can_edit":false,"show_additional_indication":0,"text":"哭了T﹏T爱了","source_allowclick":1,"source_type":1,"source":"<a href=\"http://app.weibo.com/t/feed/2g0p4b\" rel=\"nofollow\">荣耀Play 让快更快</a>","favorited":false,"truncated":false,"in_reply_to_status_id":"","in_reply_to_user_id":"","in_reply_to_screen_name":"","pic_urls":[],"geo":null,"is_paid":false,"mblog_vip_type":0,"annotations":[{"client_mblogid":"9dc74a7e-e2db-48dd-9388-1eb372390c78"},{"mapi_request":true}],"reposts_count":0,"comments_count":0,"attitudes_count":0,"pending_approval_count":0,"isLongText":false,"reward_exhibition_type":0,"hide_flag":0,"mlevel":0,"biz_feature":0,"hasActionTypeCard":0,"darwin_tags":[],"hot_weibo_tags":[],"text_tag_tips":[],"mblogtype":0,"rid":"0","userType":0,"more_info_type":0,"positive_recom_flag":0,"content_auth":0,"gif_ids":"","is_show_bulletin":2,"comment_manage_info":{"comment_permission_type":-1,"approval_comment_type":0},"repost_type":1,"pic_num":0},"ptype":0,"allow_all_comment":false,"avatar_large":"https://tvax3.sinaimg.cn/crop.0.0.996.996.180/81311bccly8g3bb3da7rvj20ro0rodhb.jpg?KID=imgbed,tva&Expires=1588844274&ssig=jdzJRXhOOh","avatar_hd":"https://tvax3.sinaimg.cn/crop.0.0.996.996.1024/81311bccly8g3bb3da7rvj20ro0rodhb.jpg?KID=imgbed,tva&Expires=1588844274&ssig=PTWrD6DlDm","verified_reason":"","verified_trade":"","verified_reason_url":"","verified_source":"","verified_source_url":"","follow_me":false,"like":false,"like_me":false,"online_status":0,"bi_followers_count":4,"lang":"zh-cn","star":0,"mbtype":0,"mbrank":0,"block_word":0,"block_app":0,"credit_score":80,"user_ability":2097152,"urank":27,"story_read_state":-1,"vclub_member":0,"is_teenager":0,"is_guardian":0,"is_teenager_list":0,"special_follow":false}

80327 DEBUG [2020-05-07 14:39:15]  Request:
80329 DEBUG [2020-05-07 14:39:15]  POSThttps://api.weibo.com/oauth2/access_token
80574 DEBUG [2020-05-07 14:39:15]  Response:
80575 DEBUG [2020-05-07 14:39:15]  https StatusCode:200
80575 DEBUG [2020-05-07 14:39:15]  Server:nginx/1.6.1
80575 DEBUG [2020-05-07 14:39:15]  Date:Thu, 07 May 2020 06:39:14 GMT
80575 DEBUG [2020-05-07 14:39:15]  Content-Type:application/json;charset=UTF-8
80576 DEBUG [2020-05-07 14:39:15]  Content-Length:131
80576 DEBUG [2020-05-07 14:39:15]  Connection:keep-alive
80576 DEBUG [2020-05-07 14:39:15]  Pragma:No-cache
80576 DEBUG [2020-05-07 14:39:15]  Cache-Control:no-cache
80576 DEBUG [2020-05-07 14:39:15]  Expires:Thu, 01 Jan 1970 00:00:00 GMT
80577 DEBUG [2020-05-07 14:39:15]  {"access_token":"2.00bWLJHG0ajsjIab4bb9cac507cr_c","remind_in":"130845","expires_in":130845,"uid":"5602420601","isRealName":"true"}

80577 DEBUG [2020-05-07 14:39:15]  Request:
80578 DEBUG [2020-05-07 14:39:15]  GET:https://api.weibo.com/2/users/show.json
80579 DEBUG [2020-05-07 14:39:15]  Authorization: OAuth2 2.00bWLJHG0ajsjIab4bb9cac507cr_c
80579 DEBUG [2020-05-07 14:39:15]  API-RemoteIP: 192.168.1.135
80627 DEBUG [2020-05-07 14:39:15]  Response:
80628 DEBUG [2020-05-07 14:39:15]  https StatusCode:403
80628 DEBUG [2020-05-07 14:39:15]  Server:nginx/1.6.1
80628 DEBUG [2020-05-07 14:39:15]  Date:Thu, 07 May 2020 06:39:14 GMT
80628 DEBUG [2020-05-07 14:39:15]  Content-Type:application/json;charset=UTF-8
80628 DEBUG [2020-05-07 14:39:15]  Transfer-Encoding:chunked
80629 DEBUG [2020-05-07 14:39:15]  Connection:keep-alive
80629 DEBUG [2020-05-07 14:39:15]  Vary:Accept-Encoding
80629 DEBUG [2020-05-07 14:39:15]  {"error":"applications over the unaudited use restrictions!","error_code":21321,"request":"/2/users/show.json"}

293332 DEBUG [2020-05-07 14:42:48]  Request:
293333 DEBUG [2020-05-07 14:42:48]  POSThttps://api.weibo.com/oauth2/access_token
293569 DEBUG [2020-05-07 14:42:48]  Response:
293569 DEBUG [2020-05-07 14:42:48]  https StatusCode:200
293570 DEBUG [2020-05-07 14:42:48]  Server:nginx/1.6.1
293570 DEBUG [2020-05-07 14:42:48]  Date:Thu, 07 May 2020 06:42:47 GMT
293570 DEBUG [2020-05-07 14:42:48]  Content-Type:application/json;charset=UTF-8
293570 DEBUG [2020-05-07 14:42:48]  Content-Length:131
293572 DEBUG [2020-05-07 14:42:48]  Connection:keep-alive
293572 DEBUG [2020-05-07 14:42:48]  Pragma:No-cache
293573 DEBUG [2020-05-07 14:42:48]  Cache-Control:no-cache
293575 DEBUG [2020-05-07 14:42:48]  Expires:Thu, 01 Jan 1970 00:00:00 GMT
293578 DEBUG [2020-05-07 14:42:48]  {"access_token":"2.00bWLJHG0ajsjIab4bb9cac507cr_c","remind_in":"130632","expires_in":130632,"uid":"5602420601","isRealName":"true"}

293579 DEBUG [2020-05-07 14:42:48]  Request:
293579 DEBUG [2020-05-07 14:42:48]  GET:https://api.weibo.com/2/users/show.json
293580 DEBUG [2020-05-07 14:42:48]  Authorization: OAuth2 2.00bWLJHG0ajsjIab4bb9cac507cr_c
293582 DEBUG [2020-05-07 14:42:48]  API-RemoteIP: 192.168.1.135
293628 DEBUG [2020-05-07 14:42:48]  Response:
293629 DEBUG [2020-05-07 14:42:48]  https StatusCode:403
293629 DEBUG [2020-05-07 14:42:48]  Server:nginx/1.6.1
293629 DEBUG [2020-05-07 14:42:48]  Date:Thu, 07 May 2020 06:42:47 GMT
293629 DEBUG [2020-05-07 14:42:48]  Content-Type:application/json;charset=UTF-8
293630 DEBUG [2020-05-07 14:42:48]  Transfer-Encoding:chunked
293630 DEBUG [2020-05-07 14:42:48]  Connection:keep-alive
293630 DEBUG [2020-05-07 14:42:48]  Vary:Accept-Encoding
293631 DEBUG [2020-05-07 14:42:48]  {"error":"applications over the unaudited use restrictions!","error_code":21321,"request":"/2/users/show.json"}

529849 DEBUG [2020-05-07 14:46:44]  Request:
529849 DEBUG [2020-05-07 14:46:44]  POSThttps://api.weibo.com/oauth2/access_token
530082 DEBUG [2020-05-07 14:46:44]  Response:
530082 DEBUG [2020-05-07 14:46:44]  https StatusCode:200
530082 DEBUG [2020-05-07 14:46:44]  Server:nginx/1.6.1
530082 DEBUG [2020-05-07 14:46:44]  Date:Thu, 07 May 2020 06:46:43 GMT
530082 DEBUG [2020-05-07 14:46:44]  Content-Type:application/json;charset=UTF-8
530082 DEBUG [2020-05-07 14:46:44]  Content-Length:131
530083 DEBUG [2020-05-07 14:46:44]  Connection:keep-alive
530083 DEBUG [2020-05-07 14:46:44]  Pragma:No-cache
530083 DEBUG [2020-05-07 14:46:44]  Cache-Control:no-cache
530083 DEBUG [2020-05-07 14:46:44]  Expires:Thu, 01 Jan 1970 00:00:00 GMT
530083 DEBUG [2020-05-07 14:46:44]  {"access_token":"2.00bWLJHG0ajsjIab4bb9cac507cr_c","remind_in":"130396","expires_in":130396,"uid":"5602420601","isRealName":"true"}

530084 DEBUG [2020-05-07 14:46:44]  Request:
530084 DEBUG [2020-05-07 14:46:44]  GET:https://api.weibo.com/2/users/show.json
530086 DEBUG [2020-05-07 14:46:44]  Authorization: OAuth2 2.00bWLJHG0ajsjIab4bb9cac507cr_c
530086 DEBUG [2020-05-07 14:46:44]  API-RemoteIP: 192.168.1.135
530171 DEBUG [2020-05-07 14:46:44]  Response:
530171 DEBUG [2020-05-07 14:46:44]  https StatusCode:200
530172 DEBUG [2020-05-07 14:46:44]  Server:nginx/1.6.1
530172 DEBUG [2020-05-07 14:46:44]  Date:Thu, 07 May 2020 06:46:43 GMT
530172 DEBUG [2020-05-07 14:46:44]  Content-Type:application/json;charset=UTF-8
530172 DEBUG [2020-05-07 14:46:44]  Transfer-Encoding:chunked
530172 DEBUG [2020-05-07 14:46:44]  Connection:keep-alive
530172 DEBUG [2020-05-07 14:46:44]  Vary:Accept-Encoding
530173 DEBUG [2020-05-07 14:46:44]  {"id":5602420601,"idstr":"5602420601","class":1,"screen_name":"卿本嘉仁丶","name":"卿本嘉仁丶","province":"31","city":"15","location":"上海 浦东新区","description":"没有什么事是一顿饭解决不了的","url":"","profile_image_url":"https://tva2.sinaimg.cn/crop.76.0.411.411.50/00679bwBgw1fblb3ccrvrj30ef0eatbm.jpg?KID=imgbed,tva&Expires=1588844803&ssig=leW4ol1y7L","cover_image_phone":"http://ww1.sinaimg.cn/crop.0.0.640.640.640/549d0121tw1egm1kjly3jj20hs0hsq4f.jpg","profile_url":"u/5602420601","domain":"","weihao":"","gender":"m","followers_count":23,"friends_count":191,"pagefriends_count":4,"statuses_count":56,"video_status_count":0,"favourites_count":2,"created_at":"Mon May 25 14:08:49 +0800 2015","following":false,"allow_all_act_msg":false,"geo_enabled":true,"verified":false,"verified_type":-1,"remark":"","insecurity":{"sexual_content":false},"status":{"visible":{"type":0,"list_id":0},"created_at":"Thu Apr 23 09:40:06 +0800 2020","id":4496807876457295,"idstr":"4496807876457295","mid":"4496807876457295","can_edit":false,"show_additional_indication":0,"text":"@托马斯CzH @写大的人","source_allowclick":1,"source_type":1,"source":"<a href=\"http://app.weibo.com/t/feed/1Yh6Y1\" rel=\"nofollow\">OnePlus 7T</a>","favorited":false,"truncated":false,"in_reply_to_status_id":"","in_reply_to_user_id":"","in_reply_to_screen_name":"","pic_urls":[],"geo":null,"is_paid":false,"mblog_vip_type":0,"annotations":[{"client_mblogid":"18b8b008-486a-40ae-b499-6825c8f9afbd"},{"mapi_request":true}],"reposts_count":0,"comments_count":0,"attitudes_count":0,"pending_approval_count":0,"isLongText":false,"reward_exhibition_type":0,"hide_flag":0,"mlevel":0,"biz_feature":0,"hasActionTypeCard":0,"darwin_tags":[],"hot_weibo_tags":[],"text_tag_tips":[],"mblogtype":0,"rid":"0","userType":0,"more_info_type":0,"positive_recom_flag":0,"content_auth":0,"gif_ids":"","is_show_bulletin":2,"comment_manage_info":{"comment_permission_type":-1,"approval_comment_type":0},"repost_type":1,"pic_num":0},"ptype":0,"allow_all_comment":true,"avatar_large":"https://tva2.sinaimg.cn/crop.76.0.411.411.180/00679bwBgw1fblb3ccrvrj30ef0eatbm.jpg?KID=imgbed,tva&Expires=1588844803&ssig=h1wbfyT4JL","avatar_hd":"https://tva2.sinaimg.cn/crop.76.0.411.411.1024/00679bwBgw1fblb3ccrvrj30ef0eatbm.jpg?KID=imgbed,tva&Expires=1588844803&ssig=TS9Yd37n3z","verified_reason":"","verified_trade":"","verified_reason_url":"","verified_source":"","verified_source_url":"","follow_me":false,"like":false,"like_me":false,"online_status":0,"bi_followers_count":4,"lang":"zh-cn","star":0,"mbtype":0,"mbrank":0,"block_word":0,"block_app":0,"credit_score":80,"user_ability":2097152,"urank":9,"story_read_state":-1,"vclub_member":0,"is_teenager":0,"is_guardian":0,"is_teenager_list":0,"special_follow":false}

